 CALWRF Code ----- Version:v2.0.1           Level:130418          
Create 3D.DAT file for WRF output
calwrf.inp
calwrf.lst
test5.m3d
 Beg/End I/J/K:    22    61   192   231     1    40
 Beg/End Dates:  2011020200
 Beg/End Dates:  2011020323
  WRF Output files:            2
   1 WRF File: wrf_out/wrfout_d02_2011-02-01_00_00_00
   2 WRF File: wrf_out/wrfout_d02_2011-02-03_00_00_00
  Set 2D.DAT flag to 1:            1
  Default 2D.DAT filename:test5.m2d
  IOSRF (0-No 2D.DAT, 1-2D.DAT created):            1
 Processing WRF File:   1  wrf_out/wrfout_d02_2011-02-01_00_00_00
  Open WRF netcdf file             1 : wrf_out/wrfout_d02_2011-02-01_00_00_00
 Warning: Attribute not exist:    3  DYN_OPT         -43
 Check whether this att. is critical
  truelat1,truelat2,stand_lon,cone,op_rot:
    30.00000        60.00000        10.00000       0.7155668      T
 One-Hour less than idateb:  2011020200  2011020123
  x1dmn/y1dmn:   -1722.000       -2009.998    
 Process:   24  2011-02-01_23:00:00    2011020123
 ioutw: 1
 ioutq: 1
 ioutc: 1
 iouti: 1
 ioutg: 1
 iosrf: 1

 Process:   25  2011-02-02_00:00:00    2011020200
 Process:   26  2011-02-02_01:00:00    2011020201
 Process:   27  2011-02-02_02:00:00    2011020202
 Process:   28  2011-02-02_03:00:00    2011020203
 Process:   29  2011-02-02_04:00:00    2011020204
 Process:   30  2011-02-02_05:00:00    2011020205
 Process:   31  2011-02-02_06:00:00    2011020206
 Process:   32  2011-02-02_07:00:00    2011020207
 Process:   33  2011-02-02_08:00:00    2011020208
 Process:   34  2011-02-02_09:00:00    2011020209
 Process:   35  2011-02-02_10:00:00    2011020210
 Process:   36  2011-02-02_11:00:00    2011020211
 Process:   37  2011-02-02_12:00:00    2011020212
 Process:   38  2011-02-02_13:00:00    2011020213
 Process:   39  2011-02-02_14:00:00    2011020214
 Process:   40  2011-02-02_15:00:00    2011020215
 Process:   41  2011-02-02_16:00:00    2011020216
 Process:   42  2011-02-02_17:00:00    2011020217
 Process:   43  2011-02-02_18:00:00    2011020218
 Process:   44  2011-02-02_19:00:00    2011020219
 Process:   45  2011-02-02_20:00:00    2011020220
 Process:   46  2011-02-02_21:00:00    2011020221
 Process:   47  2011-02-02_22:00:00    2011020222
 Process:   48  2011-02-02_23:00:00    2011020223
 Completed WRF file:             1  wrf_out/wrfout_d02_2011-02-01_00_00_00
 Processing WRF File:   2  wrf_out/wrfout_d02_2011-02-03_00_00_00
  Open WRF netcdf file             2 : wrf_out/wrfout_d02_2011-02-03_00_00_00
 Warning: Attribute not exist:    3  DYN_OPT         -43
 Check whether this att. is critical
  truelat1,truelat2,stand_lon,cone,op_rot:
    30.00000        60.00000        10.00000       0.7155668      T
 One-Hour less than idateb:  2011020200  2011020123
  x1dmn/y1dmn:   -1722.000       -2009.998    
 Process:    1  2011-02-03_00:00:00    2011020300
 Process:    2  2011-02-03_01:00:00    2011020301
 Process:    3  2011-02-03_02:00:00    2011020302
 Process:    4  2011-02-03_03:00:00    2011020303
 Process:    5  2011-02-03_04:00:00    2011020304
 Process:    6  2011-02-03_05:00:00    2011020305
 Process:    7  2011-02-03_06:00:00    2011020306
 Process:    8  2011-02-03_07:00:00    2011020307
 Process:    9  2011-02-03_08:00:00    2011020308
 Process:   10  2011-02-03_09:00:00    2011020309
 Process:   11  2011-02-03_10:00:00    2011020310
 Process:   12  2011-02-03_11:00:00    2011020311
 Process:   13  2011-02-03_12:00:00    2011020312
 Process:   14  2011-02-03_13:00:00    2011020313
 Process:   15  2011-02-03_14:00:00    2011020314
 Process:   16  2011-02-03_15:00:00    2011020315
 Process:   17  2011-02-03_16:00:00    2011020316
 Process:   18  2011-02-03_17:00:00    2011020317
 Process:   19  2011-02-03_18:00:00    2011020318
 Process:   20  2011-02-03_19:00:00    2011020319
 Process:   21  2011-02-03_20:00:00    2011020320
 Process:   22  2011-02-03_21:00:00    2011020321
 Process:   23  2011-02-03_22:00:00    2011020322
 Process:   24  2011-02-03_23:00:00    2011020323
 Completed WRF file:             2  wrf_out/wrfout_d02_2011-02-03_00_00_00
  CALWRF succeeded
